<?xml version="1.0" encoding="UTF-8"?>
<!-- Generated by org.testng.reporters.JUnitReportReporter -->
<testsuite hostname="DESKTOP-EP6UAGA" failures="0" tests="4" name="httpmethods.HttpRequests" time="4.159" errors="0" timestamp="2024-06-09T12:24:15 GST" skipped="0">
  <testcase classname="httpmethods.HttpRequests" name="getUser" time="2.394"/>
  <testcase classname="httpmethods.HttpRequests" name="addNewUser" time="0.817"/>
  <testcase classname="httpmethods.HttpRequests" name="updateRecord" time="0.471"/>
  <testcase classname="httpmethods.HttpRequests" name="deleteUser" time="0.477"/>
</testsuite> <!-- httpmethods.HttpRequests -->
